# JRE version: OpenJDK Runtime Environment (17.0.6) (build 17.0.6+0-b2043.56-9586694)
# Java VM: OpenJDK 64-Bit Server VM (17.0.6+0-b2043.56-9586694, mixed mode, tiered, compressed oops, compressed class ptrs, g1 gc, windows-amd64)
GC Precious Log:
 CPUs: 8 total, 8 available
 Memory: 7103M
 Large Page Support: Disabled
 NUMA Support: Disabled
 Compressed Oops: Enabled (Zero based)
 Heap Region Size: 2M
 Heap Min Capacity: 8M
 Heap Initial Capacity: 112M
 Heap Max Capacity: 4G
 Pre-touch: Disabled
 Parallel Workers: 8
 Concurrent Workers: 2
 Concurrent Refinement Workers: 8
 Periodic GC: Disabled
Heap:
 garbage-first heap   total 438272K, used 359331K [0x0000000700000000, 0x0000000800000000)
  region size 2048K, 4 young (8192K), 3 survivors (6144K)
 Metaspace       used 124424K, committed 125632K, reserved 1163264K
  class space    used 17093K, committed 17664K, reserved 1048576K
GC Heap History (20 events):
Event: 115.089 GC heap before
{Heap before GC invocations=76 (full 0):
 garbage-first heap   total 264192K, used 217345K [0x0000000700000000, 0x0000000800000000)
  region size 2048K, 29 young (59392K), 2 survivors (4096K)
 Metaspace       used 118274K, committed 119360K, reserved 1155072K
  class space    used 16334K, committed 16832K, reserved 1048576K
}
Event: 115.100 GC heap after
{Heap after GC invocations=77 (full 0):
 garbage-first heap   total 264192K, used 167650K [0x0000000700000000, 0x0000000800000000)
  region size 2048K, 4 young (8192K), 4 survivors (8192K)
 Metaspace       used 118274K, committed 119360K, reserved 1155072K
  class space    used 16334K, committed 16832K, reserved 1048576K
}
Event: 125.224 GC heap before
{Heap before GC invocations=78 (full 0):
 garbage-first heap   total 294912K, used 229090K [0x0000000700000000, 0x0000000800000000)
  region size 2048K, 28 young (57344K), 4 survivors (8192K)
 Metaspace       used 118792K, committed 119872K, reserved 1155072K
  class space    used 16364K, committed 16832K, reserved 1048576K
}
Event: 125.241 GC heap after
{Heap after GC invocations=79 (full 0):
 garbage-first heap   total 294912K, used 171759K [0x0000000700000000, 0x0000000800000000)
  region size 2048K, 4 young (8192K), 4 survivors (8192K)
 Metaspace       used 118792K, committed 119872K, reserved 1155072K
  class space    used 16364K, committed 16832K, reserved 1048576K
}
Event: 126.608 GC heap before
{Heap before GC invocations=79 (full 0):
 garbage-first heap   total 362496K, used 315119K [0x0000000700000000, 0x0000000800000000)
  region size 2048K, 5 young (10240K), 4 survivors (8192K)
 Metaspace       used 118826K, committed 119872K, reserved 1155072K
  class space    used 16366K, committed 16832K, reserved 1048576K
}
Event: 126.639 GC heap after
{Heap after GC invocations=80 (full 0):
 garbage-first heap   total 362496K, used 239568K [0x0000000700000000, 0x0000000800000000)
  region size 2048K, 1 young (2048K), 1 survivors (2048K)
 Metaspace       used 118826K, committed 119872K, reserved 1155072K
  class space    used 16366K, committed 16832K, reserved 1048576K
}
Event: 132.267 GC heap before
{Heap before GC invocations=80 (full 0):
 garbage-first heap   total 362496K, used 346064K [0x0000000700000000, 0x0000000800000000)
  region size 2048K, 33 young (67584K), 1 survivors (2048K)
 Metaspace       used 120365K, committed 121472K, reserved 1155072K
  class space    used 16574K, committed 17088K, reserved 1048576K
}
Event: 132.279 GC heap after
{Heap after GC invocations=81 (full 0):
 garbage-first heap   total 362496K, used 216503K [0x0000000700000000, 0x0000000800000000)
  region size 2048K, 3 young (6144K), 3 survivors (6144K)
 Metaspace       used 120365K, committed 121472K, reserved 1155072K
  class space    used 16574K, committed 17088K, reserved 1048576K
}
Event: 133.572 GC heap before
{Heap before GC invocations=81 (full 0):
 garbage-first heap   total 362496K, used 300471K [0x0000000700000000, 0x0000000800000000)
  region size 2048K, 45 young (92160K), 3 survivors (6144K)
 Metaspace       used 120529K, committed 121664K, reserved 1155072K
  class space    used 16590K, committed 17088K, reserved 1048576K
}
Event: 133.589 GC heap after
{Heap after GC invocations=82 (full 0):
 garbage-first heap   total 362496K, used 227548K [0x0000000700000000, 0x0000000800000000)
  region size 2048K, 6 young (12288K), 6 survivors (12288K)
 Metaspace       used 120529K, committed 121664K, reserved 1155072K
  class space    used 16590K, committed 17088K, reserved 1048576K
}
Event: 133.893 GC heap before
{Heap before GC invocations=82 (full 0):
 garbage-first heap   total 362496K, used 245980K [0x0000000700000000, 0x0000000800000000)
  region size 2048K, 17 young (34816K), 6 survivors (12288K)
 Metaspace       used 120654K, committed 121728K, reserved 1155072K
  class space    used 16604K, committed 17088K, reserved 1048576K
}
Event: 133.906 GC heap after
{Heap after GC invocations=83 (full 0):
 garbage-first heap   total 362496K, used 230824K [0x0000000700000000, 0x0000000800000000)
  region size 2048K, 2 young (4096K), 2 survivors (4096K)
 Metaspace       used 120654K, committed 121728K, reserved 1155072K
  class space    used 16604K, committed 17088K, reserved 1048576K
}
Event: 135.772 GC heap before
{Heap before GC invocations=84 (full 0):
 garbage-first heap   total 438272K, used 302504K [0x0000000700000000, 0x0000000800000000)
  region size 2048K, 36 young (73728K), 2 survivors (4096K)
 Metaspace       used 121494K, committed 122560K, reserved 1155072K
  class space    used 16724K, committed 17216K, reserved 1048576K
}
Event: 135.781 GC heap after
{Heap after GC invocations=85 (full 0):
 garbage-first heap   total 438272K, used 234669K [0x0000000700000000, 0x0000000800000000)
  region size 2048K, 4 young (8192K), 4 survivors (8192K)
 Metaspace       used 121494K, committed 122560K, reserved 1155072K
  class space    used 16724K, committed 17216K, reserved 1048576K
}
Event: 135.811 GC heap before
{Heap before GC invocations=85 (full 0):
 garbage-first heap   total 438272K, used 246957K [0x0000000700000000, 0x0000000800000000)
  region size 2048K, 10 young (20480K), 4 survivors (8192K)
 Metaspace       used 121496K, committed 122560K, reserved 1155072K
  class space    used 16724K, committed 17216K, reserved 1048576K
}
Event: 135.823 GC heap after
{Heap after GC invocations=86 (full 0):
 garbage-first heap   total 438272K, used 234678K [0x0000000700000000, 0x0000000800000000)
  region size 2048K, 1 young (2048K), 1 survivors (2048K)
 Metaspace       used 121496K, committed 122560K, reserved 1155072K
  class space    used 16724K, committed 17216K, reserved 1048576K
}
Event: 153.706 GC heap before
{Heap before GC invocations=86 (full 0):
 garbage-first heap   total 438272K, used 412854K [0x0000000700000000, 0x0000000800000000)
  region size 2048K, 50 young (102400K), 1 survivors (2048K)
 Metaspace       used 124423K, committed 125632K, reserved 1163264K
  class space    used 17093K, committed 17664K, reserved 1048576K
}
Event: 153.723 GC heap after
{Heap after GC invocations=87 (full 0):
 garbage-first heap   total 438272K, used 305956K [0x0000000700000000, 0x0000000800000000)
  region size 2048K, 3 young (6144K), 3 survivors (6144K)
 Metaspace       used 124423K, committed 125632K, reserved 1163264K
  class space    used 17093K, committed 17664K, reserved 1048576K
}
Event: 153.764 GC heap before
{Heap before GC invocations=87 (full 0):
 garbage-first heap   total 438272K, used 308004K [0x0000000700000000, 0x0000000800000000)
  region size 2048K, 4 young (8192K), 3 survivors (6144K)
 Metaspace       used 124424K, committed 125632K, reserved 1163264K
  class space    used 17093K, committed 17664K, reserved 1048576K
}
Event: 153.777 GC heap after
{Heap after GC invocations=88 (full 0):
 garbage-first heap   total 438272K, used 306083K [0x0000000700000000, 0x0000000800000000)
  region size 2048K, 3 young (6144K), 3 survivors (6144K)
 Metaspace       used 124424K, committed 125632K, reserved 1163264K
  class space    used 17093K, committed 17664K, reserved 1048576K
}

